2020-04-20 14:33:17-log: ui-kit@1.0.0 enable
2020-04-20 14:33:17-log: ipc@1.0.0 enable
2020-04-20 14:33:17-log: tester@1.0.0 enable
2020-04-20 14:33:17-log: preferences@1.0.0 enable
2020-04-20 14:33:20-log: engine@1.0.0 enable
2020-04-20 14:33:20-log: asset-db@1.0.0 enable
2020-04-20 14:33:20-log: console@1.0.0 enable
2020-04-20 14:33:20-log: scene@1.0.0 enable
2020-04-20 14:33:20-log: packager@1.0.0 enable
2020-04-20 14:33:20-log: project-setting@1.0.0 enable
2020-04-20 14:33:20-log: about@1.0.0 enable
2020-04-20 14:33:20-log: server@1.0.0 enable
2020-04-20 14:33:20-log: utils@1.0.0 enable
2020-04-20 14:33:20-log: profile@1.0.0 enable
2020-04-20 14:33:20-log: assets@1.0.0 enable
2020-04-20 14:33:20-log: inspector@1.0.0 enable
2020-04-20 14:33:20-log: hierarchy@1.0.0 enable
2020-04-20 14:33:21-log: preview@1.0.0 enable
2020-04-20 14:33:21-log: animator@1.0.0 enable
2020-04-20 14:33:21-log: builder@1.0.0 enable
2020-04-20 14:33:21-log: alipay-mini-game@1.0.0 enable
2020-04-20 14:33:21-log: android@1.0.0 enable
2020-04-20 14:33:21-log: baidu-mini-game@1.0.0 enable
2020-04-20 14:33:21-log: cocos-play@1.0.0 enable
2020-04-20 14:33:21-log: huawei-mini-game@1.0.0 enable
2020-04-20 14:33:21-log: ios@1.0.0 enable
2020-04-20 14:33:21-log: mac@1.0.0 enable
2020-04-20 14:33:21-log: native@1.0.0 enable
2020-04-20 14:33:21-log: oppo-mini-game@1.0.0 enable
2020-04-20 14:33:21-log: vivo-mini-game@1.0.0 enable
2020-04-20 14:33:21-log: web-desktop@1.0.0 enable
2020-04-20 14:33:21-log: web-mobile@1.0.0 enable
2020-04-20 14:33:21-log: wechatgame@1.0.0 enable
2020-04-20 14:33:21-log: windows@1.0.0 enable
2020-04-20 14:33:21-log: xiaomi-quick-game@1.0.0 enable
2020-04-20 16:06:05-error: [Scene] A Class already exists with the same __classname__ : "GameManager".
2020-04-20 16:06:05-error: [Scene] A Class already exists with the same __classname__ : "GameManager".
2020-04-20 16:56:38-error: [Scene] A Class already exists with the same __classname__ : "GameManager".
2020-04-20 16:56:39-error: [Scene] A Class already exists with the same __classname__ : "GameManager".
2020-04-20 17:11:46-error: [Scene] A Class already exists with the same __classname__ : "GameManager".
2020-04-20 17:11:46-error: [Scene] A Class already exists with the same __classname__ : "GameManager".
2020-04-20 17:15:38-error: [Scene] A Class already exists with the same __classname__ : "GameManager".
2020-04-20 17:15:38-error: [Scene] A Class already exists with the same __classname__ : "GameManager".
2020-04-20 17:16:02-error: [Scene] A Class already exists with the same __classname__ : "GameManager".
2020-04-20 17:16:02-error: [Scene] A Class already exists with the same __classname__ : "GameManager".
2020-04-20 17:43:45-error: [Scene] A Class already exists with the same __classname__ : "GameManager".
2020-04-20 17:43:45-error: [Scene] A Class already exists with the same __classname__ : "GameManager".
2020-04-20 17:45:47-error: [Scene] A Class already exists with the same __classname__ : "GameManager".
2020-04-20 17:45:47-error: [Scene] A Class already exists with the same __classname__ : "GameManager".
2020-04-20 17:46:44-error: [preview-error]Uncaught TypeError: Cannot read property 'x' of undefined in http://localhost:7456/scripting/engine/cocos/core/math/vec3.js
2020-04-20 17:46:44-error: [preview-error]Uncaught TypeError: Cannot read property 'x' of undefined in http://localhost:7456/scripting/engine/cocos/core/math/vec3.js
2020-04-20 17:46:44-error: [preview-error]Uncaught TypeError: Cannot read property 'x' of undefined in http://localhost:7456/scripting/engine/cocos/core/math/vec3.js
2020-04-20 17:46:47-error: [preview-error]Uncaught TypeError: Cannot read property 'x' of undefined in http://localhost:7456/scripting/engine/cocos/core/math/vec3.js
2020-04-20 17:46:47-error: [preview-error]Uncaught TypeError: Cannot read property 'x' of undefined in http://localhost:7456/scripting/engine/cocos/core/math/vec3.js
2020-04-20 17:46:47-error: [preview-error]Uncaught TypeError: Cannot read property 'x' of undefined in http://localhost:7456/scripting/engine/cocos/core/math/vec3.js
2020-04-20 17:46:47-error: [preview-error]Uncaught TypeError: Cannot read property 'x' of undefined in http://localhost:7456/scripting/engine/cocos/core/math/vec3.js
2020-04-20 17:46:47-error: [preview-error]Uncaught TypeError: Cannot read property 'x' of undefined in http://localhost:7456/scripting/engine/cocos/core/math/vec3.js
2020-04-20 17:48:31-error: [preview-error]Uncaught TypeError: Cannot read property 'x' of undefined in http://localhost:7456/scripting/engine/cocos/core/math/vec3.js
2020-04-20 17:48:31-error: [preview-error]Uncaught TypeError: Cannot read property 'x' of undefined in http://localhost:7456/scripting/engine/cocos/core/math/vec3.js
2020-04-20 17:48:31-error: [preview-error]Uncaught TypeError: Cannot read property 'x' of undefined in http://localhost:7456/scripting/engine/cocos/core/math/vec3.js
2020-04-20 17:48:31-error: [preview-error]Uncaught TypeError: Cannot read property 'x' of undefined in http://localhost:7456/scripting/engine/cocos/core/math/vec3.js
2020-04-20 17:49:43-error: [Scene] A Class already exists with the same __classname__ : "GameManager".
2020-04-20 17:49:43-error: [Scene] A Class already exists with the same __classname__ : "GameManager".
2020-04-20 17:53:32-error: [Scene] A Class already exists with the same __classname__ : "GameManager".
2020-04-20 17:53:33-error: [Scene] A Class already exists with the same __classname__ : "GameManager".
2020-04-20 17:55:49-error: [Scene] A Class already exists with the same __classname__ : "GameManager".
2020-04-20 17:55:49-error: [Scene] A Class already exists with the same __classname__ : "GameManager".
2020-04-20 17:58:13-error: [Scene] A Class already exists with the same __classname__ : "GameManager".
2020-04-20 17:58:13-error: [Scene] A Class already exists with the same __classname__ : "GameManager".
2020-04-20 18:02:26-error: [Scene] A Class already exists with the same __classname__ : "GameManager".
2020-04-20 18:02:26-error: [Scene] A Class already exists with the same __classname__ : "GameManager".
